[debug] [2024-07-17T18:42:28.275Z] ----------------------------------------------------------------------
[debug] [2024-07-17T18:42:28.279Z] Command:       C:\Program Files\nodejs\node.exe C:\Users\lazar\AppData\Roaming\npm\node_modules\firebase-tools\lib\bin\firebase.js init
[debug] [2024-07-17T18:42:28.279Z] CLI Version:   13.13.3
[debug] [2024-07-17T18:42:28.280Z] Platform:      win32
[debug] [2024-07-17T18:42:28.280Z] Node Version:  v20.10.0
[debug] [2024-07-17T18:42:28.280Z] Time:          Wed Jul 17 2024 20:42:28 GMT+0200 (за центральноєвропейським літнім часом)
[debug] [2024-07-17T18:42:28.280Z] ----------------------------------------------------------------------
[debug] 
[debug] [2024-07-17T18:42:28.285Z] >>> [apiv2][query] GET https://firebase-public.firebaseio.com/cli.json [none]
[debug] [2024-07-17T18:42:28.356Z] > command requires scopes: ["email","openid","https://www.googleapis.com/auth/cloudplatformprojects.readonly","https://www.googleapis.com/auth/firebase","https://www.googleapis.com/auth/cloud-platform"]
[debug] [2024-07-17T18:42:28.356Z] > authorizing via signed-in user (lazareva15elizaveta@gmail.com)
[info] 
     ######## #### ########  ######## ########     ###     ######  ########
     ##        ##  ##     ## ##       ##     ##  ##   ##  ##       ##
     ######    ##  ########  ######   ########  #########  ######  ######
     ##        ##  ##    ##  ##       ##     ## ##     ##       ## ##
     ##       #### ##     ## ######## ########  ##     ##  ######  ########

You're about to initialize a Firebase project in this directory:

  D:\bibliohome

[debug] [2024-07-17T18:42:28.713Z] <<< [apiv2][status] GET https://firebase-public.firebaseio.com/cli.json 200
[debug] [2024-07-17T18:42:28.714Z] <<< [apiv2][body] GET https://firebase-public.firebaseio.com/cli.json {"cloudBuildErrorAfter":1594252800000,"cloudBuildWarnAfter":1590019200000,"defaultNode10After":1594252800000,"minVersion":"3.0.5","node8DeploysDisabledAfter":1613390400000,"node8RuntimeDisabledAfter":1615809600000,"node8WarnAfter":1600128000000}
